2013-08-26 14:03:18,441: INFO ---------------------------------------------
2013-08-26 14:03:18,441: INFO sas_url_handler starting: ['/opt/hfs12.5.469/houdini/sas/url_handler/sas_url_handler.py', 'orbolt://begin_upload_with_credentials?houdini_port=14725&session_key=876574e85587e2a834032ba874ae0e7f&api_version=2&server=www.orbolt.com']
2013-08-26 14:03:18,442: INFO Calling begin_upload_with_credentials with {'houdini_port': '14725', 'session_key': '876574e85587e2a834032ba874ae0e7f', 'server': 'www.orbolt.com'}
2013-08-26 14:29:11,065: INFO ---------------------------------------------
2013-08-26 14:29:11,065: INFO sas_url_handler starting: ['/opt/hfs12.5.469/houdini/sas/url_handler/sas_url_handler.py', 'orbolt://install_asset?license_number=25173&amp;session_key=876574e85587e2a834032ba874ae0e7f&amp;server=www.orbolt.com']
2013-08-26 14:29:11,065: INFO Calling install_asset with {'license_number': '25173', 'session_key': '876574e85587e2a834032ba874ae0e7f', 'server': 'www.orbolt.com'}
2013-08-26 14:31:51,208: INFO ---------------------------------------------
2013-08-26 14:31:51,208: INFO sas_url_handler starting: ['/opt/hfs12.5.469/houdini/sas/url_handler/sas_url_handler.py', 'orbolt://install_asset?license_number=25173&amp;session_key=876574e85587e2a834032ba874ae0e7f&amp;server=www.orbolt.com']
2013-08-26 14:31:51,208: INFO Calling install_asset with {'license_number': '25173', 'session_key': '876574e85587e2a834032ba874ae0e7f', 'server': 'www.orbolt.com'}
2013-08-26 14:38:30,967: INFO ---------------------------------------------
2013-08-26 14:38:30,967: INFO sas_url_handler starting: ['/opt/hfs12.5.469/houdini/sas/url_handler/sas_url_handler.py', 'orbolt://install_asset?license_number=25174&amp;session_key=876574e85587e2a834032ba874ae0e7f&amp;server=www.orbolt.com']
2013-08-26 14:38:30,968: INFO Calling install_asset with {'license_number': '25174', 'session_key': '876574e85587e2a834032ba874ae0e7f', 'server': 'www.orbolt.com'}
2013-08-26 15:01:04,126: INFO ---------------------------------------------
2013-08-26 15:01:04,126: INFO sas_url_handler starting: ['/opt/hfs12.5.469/houdini/sas/url_handler/sas_url_handler.py', 'orbolt://install_asset?license_number=25175&amp;session_key=876574e85587e2a834032ba874ae0e7f&amp;server=www.orbolt.com']
2013-08-26 15:01:04,126: INFO Calling install_asset with {'license_number': '25175', 'session_key': '876574e85587e2a834032ba874ae0e7f', 'server': 'www.orbolt.com'}
2013-08-26 15:14:00,161: INFO ---------------------------------------------
2013-08-26 15:14:00,161: INFO sas_url_handler starting: ['/opt/hfs12.5.469/houdini/sas/url_handler/sas_url_handler.py', 'orbolt://install_asset?license_number=25176&amp;session_key=876574e85587e2a834032ba874ae0e7f&amp;server=www.orbolt.com']
2013-08-26 15:14:00,161: INFO Calling install_asset with {'license_number': '25176', 'session_key': '876574e85587e2a834032ba874ae0e7f', 'server': 'www.orbolt.com'}
2013-08-26 16:42:42,891: INFO ---------------------------------------------
2013-08-26 16:42:42,891: INFO sas_url_handler starting: ['/opt/hfs12.5.469/houdini/sas/url_handler/sas_url_handler.py', 'orbolt://install_asset?license_number=25177&amp;session_key=876574e85587e2a834032ba874ae0e7f&amp;server=www.orbolt.com']
2013-08-26 16:42:42,891: INFO Calling install_asset with {'license_number': '25177', 'session_key': '876574e85587e2a834032ba874ae0e7f', 'server': 'www.orbolt.com'}
2013-08-26 16:46:30,411: INFO ---------------------------------------------
2013-08-26 16:46:30,411: INFO sas_url_handler starting: ['/opt/hfs12.5.469/houdini/sas/url_handler/sas_url_handler.py', 'orbolt://install_asset?license_number=25178&amp;session_key=876574e85587e2a834032ba874ae0e7f&amp;server=www.orbolt.com']
2013-08-26 16:46:30,412: INFO Calling install_asset with {'license_number': '25178', 'session_key': '876574e85587e2a834032ba874ae0e7f', 'server': 'www.orbolt.com'}
2013-08-26 16:47:48,616: INFO ---------------------------------------------
2013-08-26 16:47:48,616: INFO sas_url_handler starting: ['/opt/hfs12.5.469/houdini/sas/url_handler/sas_url_handler.py', 'orbolt://install_asset?license_number=25179&amp;session_key=876574e85587e2a834032ba874ae0e7f&amp;server=www.orbolt.com']
2013-08-26 16:47:48,616: INFO Calling install_asset with {'license_number': '25179', 'session_key': '876574e85587e2a834032ba874ae0e7f', 'server': 'www.orbolt.com'}
2013-08-26 16:48:27,898: INFO ---------------------------------------------
2013-08-26 16:48:27,899: INFO sas_url_handler starting: ['/opt/hfs12.5.469/houdini/sas/url_handler/sas_url_handler.py', 'orbolt://install_asset?license_number=25180&amp;session_key=876574e85587e2a834032ba874ae0e7f&amp;server=www.orbolt.com']
2013-08-26 16:48:27,899: INFO Calling install_asset with {'license_number': '25180', 'session_key': '876574e85587e2a834032ba874ae0e7f', 'server': 'www.orbolt.com'}
2013-08-26 16:58:35,756: INFO ---------------------------------------------
2013-08-26 16:58:35,756: INFO sas_url_handler starting: ['/opt/hfs12.5.469/houdini/sas/url_handler/sas_url_handler.py', 'orbolt://install_asset?license_number=25181&amp;session_key=876574e85587e2a834032ba874ae0e7f&amp;server=www.orbolt.com']
2013-08-26 16:58:35,756: INFO Calling install_asset with {'license_number': '25181', 'session_key': '876574e85587e2a834032ba874ae0e7f', 'server': 'www.orbolt.com'}
2013-08-26 16:59:10,291: INFO ---------------------------------------------
2013-08-26 16:59:10,291: INFO sas_url_handler starting: ['/opt/hfs12.5.469/houdini/sas/url_handler/sas_url_handler.py', 'orbolt://install_asset?license_number=25182&amp;session_key=876574e85587e2a834032ba874ae0e7f&amp;server=www.orbolt.com']
2013-08-26 16:59:10,291: INFO Calling install_asset with {'license_number': '25182', 'session_key': '876574e85587e2a834032ba874ae0e7f', 'server': 'www.orbolt.com'}
2013-08-26 17:01:56,357: INFO ---------------------------------------------
2013-08-26 17:01:56,357: INFO sas_url_handler starting: ['/opt/hfs12.5.469/houdini/sas/url_handler/sas_url_handler.py', 'orbolt://install_asset?license_number=25183&amp;session_key=876574e85587e2a834032ba874ae0e7f&amp;server=www.orbolt.com']
2013-08-26 17:01:56,358: INFO Calling install_asset with {'license_number': '25183', 'session_key': '876574e85587e2a834032ba874ae0e7f', 'server': 'www.orbolt.com'}
2013-08-26 17:02:18,127: INFO ---------------------------------------------
2013-08-26 17:02:18,127: INFO sas_url_handler starting: ['/opt/hfs12.5.469/houdini/sas/url_handler/sas_url_handler.py', 'orbolt://install_asset?license_number=25185&amp;session_key=876574e85587e2a834032ba874ae0e7f&amp;server=www.orbolt.com']
2013-08-26 17:02:18,127: INFO Calling install_asset with {'license_number': '25185', 'session_key': '876574e85587e2a834032ba874ae0e7f', 'server': 'www.orbolt.com'}
2013-08-26 17:02:28,318: INFO ---------------------------------------------
2013-08-26 17:02:28,318: INFO sas_url_handler starting: ['/opt/hfs12.5.469/houdini/sas/url_handler/sas_url_handler.py', 'orbolt://install_asset?license_number=25186&amp;session_key=876574e85587e2a834032ba874ae0e7f&amp;server=www.orbolt.com']
2013-08-26 17:02:28,318: INFO Calling install_asset with {'license_number': '25186', 'session_key': '876574e85587e2a834032ba874ae0e7f', 'server': 'www.orbolt.com'}
2013-08-26 17:02:36,898: INFO ---------------------------------------------
2013-08-26 17:02:36,898: INFO sas_url_handler starting: ['/opt/hfs12.5.469/houdini/sas/url_handler/sas_url_handler.py', 'orbolt://install_asset?license_number=25187&amp;session_key=876574e85587e2a834032ba874ae0e7f&amp;server=www.orbolt.com']
2013-08-26 17:02:36,899: INFO Calling install_asset with {'license_number': '25187', 'session_key': '876574e85587e2a834032ba874ae0e7f', 'server': 'www.orbolt.com'}
2013-08-26 17:02:44,305: INFO ---------------------------------------------
2013-08-26 17:02:44,305: INFO sas_url_handler starting: ['/opt/hfs12.5.469/houdini/sas/url_handler/sas_url_handler.py', 'orbolt://install_asset?license_number=25188&amp;session_key=876574e85587e2a834032ba874ae0e7f&amp;server=www.orbolt.com']
2013-08-26 17:02:44,305: INFO Calling install_asset with {'license_number': '25188', 'session_key': '876574e85587e2a834032ba874ae0e7f', 'server': 'www.orbolt.com'}
2013-08-26 17:02:50,643: INFO ---------------------------------------------
2013-08-26 17:02:50,643: INFO sas_url_handler starting: ['/opt/hfs12.5.469/houdini/sas/url_handler/sas_url_handler.py', 'orbolt://install_asset?license_number=25189&amp;session_key=876574e85587e2a834032ba874ae0e7f&amp;server=www.orbolt.com']
2013-08-26 17:02:50,644: INFO Calling install_asset with {'license_number': '25189', 'session_key': '876574e85587e2a834032ba874ae0e7f', 'server': 'www.orbolt.com'}
2013-08-26 17:02:56,150: INFO ---------------------------------------------
2013-08-26 17:02:56,150: INFO sas_url_handler starting: ['/opt/hfs12.5.469/houdini/sas/url_handler/sas_url_handler.py', 'orbolt://install_asset?license_number=25190&amp;session_key=876574e85587e2a834032ba874ae0e7f&amp;server=www.orbolt.com']
2013-08-26 17:02:56,150: INFO Calling install_asset with {'license_number': '25190', 'session_key': '876574e85587e2a834032ba874ae0e7f', 'server': 'www.orbolt.com'}
2013-08-26 17:04:14,662: INFO ---------------------------------------------
2013-08-26 17:04:14,663: INFO sas_url_handler starting: ['/opt/hfs12.5.469/houdini/sas/url_handler/sas_url_handler.py', 'orbolt://install_asset?license_number=25191&amp;session_key=876574e85587e2a834032ba874ae0e7f&amp;server=www.orbolt.com']
2013-08-26 17:04:14,663: INFO Calling install_asset with {'license_number': '25191', 'session_key': '876574e85587e2a834032ba874ae0e7f', 'server': 'www.orbolt.com'}
2013-08-26 17:04:28,768: INFO ---------------------------------------------
2013-08-26 17:04:28,768: INFO sas_url_handler starting: ['/opt/hfs12.5.469/houdini/sas/url_handler/sas_url_handler.py', 'orbolt://install_asset?license_number=25192&amp;session_key=876574e85587e2a834032ba874ae0e7f&amp;server=www.orbolt.com']
2013-08-26 17:04:28,768: INFO Calling install_asset with {'license_number': '25192', 'session_key': '876574e85587e2a834032ba874ae0e7f', 'server': 'www.orbolt.com'}
2013-08-26 17:04:58,303: INFO ---------------------------------------------
2013-08-26 17:04:58,303: INFO sas_url_handler starting: ['/opt/hfs12.5.469/houdini/sas/url_handler/sas_url_handler.py', 'orbolt://install_asset?license_number=25193&amp;session_key=876574e85587e2a834032ba874ae0e7f&amp;server=www.orbolt.com']
2013-08-26 17:04:58,303: INFO Calling install_asset with {'license_number': '25193', 'session_key': '876574e85587e2a834032ba874ae0e7f', 'server': 'www.orbolt.com'}
2013-08-26 17:05:51,144: INFO ---------------------------------------------
2013-08-26 17:05:51,145: INFO sas_url_handler starting: ['/opt/hfs12.5.469/houdini/sas/url_handler/sas_url_handler.py', 'orbolt://install_asset?license_number=25194&amp;session_key=876574e85587e2a834032ba874ae0e7f&amp;server=www.orbolt.com']
2013-08-26 17:05:51,145: INFO Calling install_asset with {'license_number': '25194', 'session_key': '876574e85587e2a834032ba874ae0e7f', 'server': 'www.orbolt.com'}
2013-08-26 17:05:58,600: INFO ---------------------------------------------
2013-08-26 17:05:58,600: INFO sas_url_handler starting: ['/opt/hfs12.5.469/houdini/sas/url_handler/sas_url_handler.py', 'orbolt://install_asset?license_number=25195&amp;session_key=876574e85587e2a834032ba874ae0e7f&amp;server=www.orbolt.com']
2013-08-26 17:05:58,601: INFO Calling install_asset with {'license_number': '25195', 'session_key': '876574e85587e2a834032ba874ae0e7f', 'server': 'www.orbolt.com'}
2013-08-26 17:06:04,782: INFO ---------------------------------------------
2013-08-26 17:06:04,783: INFO sas_url_handler starting: ['/opt/hfs12.5.469/houdini/sas/url_handler/sas_url_handler.py', 'orbolt://install_asset?license_number=25196&amp;session_key=876574e85587e2a834032ba874ae0e7f&amp;server=www.orbolt.com']
2013-08-26 17:06:04,783: INFO Calling install_asset with {'license_number': '25196', 'session_key': '876574e85587e2a834032ba874ae0e7f', 'server': 'www.orbolt.com'}
